app/build/intermediates/manifest_merge_blame_file/debug/manifest-merger-blame-debug-report.txt
1<?xml version="1.0" encoding="utf-8"?>
2<manifest xmlns:android="http://schemas.android.com/apk/res/android"
3    package="com.example.moodmaster"
4    android:versionCode="1"
5    android:versionName="1.0" >
6
7    <uses-sdk
8        android:minSdkVersion="30"
8-->src\main\AndroidManifest.xml
9        android:targetSdkVersion="33" />
9-->src\main\AndroidManifest.xml
10
11    <uses-permission android:name="android.permission.READ_EXTERNAL_STORAGE" />
11-->src\main\AndroidManifest.xml:4:5-80
11-->src\main\AndroidManifest.xml:4:22-77
12
13    <application
13-->src\main\AndroidManifest.xml:5:5-25:19
14        android:allowBackup="true"
14-->src\main\AndroidManifest.xml:6:9-35
15        android:appComponentFactory="androidx.core.app.CoreComponentFactory"
15-->[androidx.core:core:1.5.0] AndroidManifest.xml:24:18-86
16        android:debuggable="true"
17        android:extractNativeLibs="false"
18        android:icon="@mipmap/ic_launcher"
18-->src\main\AndroidManifest.xml:7:9-43
19        android:label="@string/app_name"
19-->src\main\AndroidManifest.xml:8:9-41
20        android:roundIcon="@mipmap/ic_launcher_round"
20-->src\main\AndroidManifest.xml:9:9-54
21        android:supportsRtl="true"
21-->src\main\AndroidManifest.xml:10:9-35
22        android:testOnly="true"
23        android:theme="@style/Theme.Moodmaster" >
23-->src\main\AndroidManifest.xml:11:9-48
24        <activity
24-->src\main\AndroidManifest.xml:12:9-14:40
25            android:name="com.example.moodmaster.FeelingScale"
25-->src\main\AndroidManifest.xml:13:13-41
26            android:exported="false" />
26-->src\main\AndroidManifest.xml:14:13-37
27        <activity
27-->src\main\AndroidManifest.xml:15:9-24:20
28            android:name="com.example.moodmaster.MainActivity"
28-->src\main\AndroidManifest.xml:16:13-41
29            android:exported="true" >
29-->src\main\AndroidManifest.xml:17:13-36
30            <intent-filter>
30-->src\main\AndroidManifest.xml:18:13-22:29
31                <action android:name="android.intent.action.MAIN" />
31-->src\main\AndroidManifest.xml:19:17-69
31-->src\main\AndroidManifest.xml:19:25-66
32
33                <category android:name="android.intent.category.LAUNCHER" />
33-->src\main\AndroidManifest.xml:21:17-77
33-->src\main\AndroidManifest.xml:21:27-74
34            </intent-filter>
35        </activity>
36
37        <service
37-->[androidx.room:room-runtime:2.5.1] AndroidManifest.xml:24:9-28:63
38            android:name="androidx.room.MultiInstanceInvalidationService"
38-->[androidx.room:room-runtime:2.5.1] AndroidManifest.xml:25:13-74
39            android:directBootAware="true"
39-->[androidx.room:room-runtime:2.5.1] AndroidManifest.xml:26:13-43
40            android:exported="false" />
40-->[androidx.room:room-runtime:2.5.1] AndroidManifest.xml:27:13-37
41    </application>
42
43</manifest>